<?xml version="1.0" encoding="UTF-8"?>
<testng-results ignored="0" total="1" passed="1" failed="0" skipped="0">
  <reporter-output>
  </reporter-output>
  <suite started-at="2022-11-16T19:43:49 EST" name="Default suite" finished-at="2022-11-16T19:43:49 EST" duration-ms="54">
    <groups>
    </groups>
    <test started-at="2022-11-16T19:43:49 EST" name="Default test" finished-at="2022-11-16T19:43:49 EST" duration-ms="54">
      <class name="SeleniumMaven.MavenDemo.MavenReview">
        <test-method signature="mavenMethodOne()[pri:0, instance:SeleniumMaven.MavenDemo.MavenReview@7b9a4292]" started-at="2022-11-16T19:43:49 EST" name="mavenMethodOne" finished-at="2022-11-16T19:43:49 EST" duration-ms="11" status="PASS">
          <reporter-output>
          </reporter-output>
        </test-method> <!-- mavenMethodOne -->
      </class> <!-- SeleniumMaven.MavenDemo.MavenReview -->
    </test> <!-- Default test -->
  </suite> <!-- Default suite -->
</testng-results>
