<?xml version="1.0" encoding="UTF-8"?>
<testng-results skipped="0" failed="0" ignored="0" total="6" passed="6">
  <reporter-output>
  </reporter-output>
  <suite name="Maven Class" duration-ms="32" started-at="2022-11-17T01:30:55Z" finished-at="2022-11-17T01:30:55Z">
    <groups>
    </groups>
    <test name="Maven" duration-ms="32" started-at="2022-11-17T01:30:55Z" finished-at="2022-11-17T01:30:55Z">
      <class name="SeleniumMaven.MavenDemo.MavenReviewTwo">
        <test-method status="PASS" signature="mavenThreeMethodOne()[pri:0, instance:SeleniumMaven.MavenDemo.MavenReviewTwo@545997b1]" name="mavenThreeMethodOne" duration-ms="7" started-at="2022-11-16T20:30:55Z" finished-at="2022-11-16T20:30:55Z">
          <reporter-output>
          </reporter-output>
        </test-method> <!-- mavenThreeMethodOne -->
        <test-method status="PASS" signature="mavenThreeMethodTwo()[pri:0, instance:SeleniumMaven.MavenDemo.MavenReviewTwo@545997b1]" name="mavenThreeMethodTwo" duration-ms="0" started-at="2022-11-16T20:30:55Z" finished-at="2022-11-16T20:30:55Z">
          <reporter-output>
          </reporter-output>
        </test-method> <!-- mavenThreeMethodTwo -->
      </class> <!-- SeleniumMaven.MavenDemo.MavenReviewTwo -->
      <class name="SeleniumMaven.MavenDemo.MavenReviewFour">
        <test-method status="PASS" signature="mavenFourMethodOne()[pri:0, instance:SeleniumMaven.MavenDemo.MavenReviewFour@4c762604]" name="mavenFourMethodOne" duration-ms="0" started-at="2022-11-16T20:30:55Z" finished-at="2022-11-16T20:30:55Z">
          <reporter-output>
          </reporter-output>
        </test-method> <!-- mavenFourMethodOne -->
        <test-method status="PASS" signature="mavenFourMethodTwo()[pri:0, instance:SeleniumMaven.MavenDemo.MavenReviewFour@4c762604]" name="mavenFourMethodTwo" duration-ms="0" started-at="2022-11-16T20:30:55Z" finished-at="2022-11-16T20:30:55Z">
          <reporter-output>
          </reporter-output>
        </test-method> <!-- mavenFourMethodTwo -->
      </class> <!-- SeleniumMaven.MavenDemo.MavenReviewFour -->
      <class name="SeleniumMaven.MavenDemo.MavenReviewThree">
        <test-method status="PASS" signature="mavenTwoMethodOne()[pri:0, instance:SeleniumMaven.MavenDemo.MavenReviewThree@548ad73b]" name="mavenTwoMethodOne" duration-ms="0" started-at="2022-11-16T20:30:55Z" finished-at="2022-11-16T20:30:55Z">
          <reporter-output>
          </reporter-output>
        </test-method> <!-- mavenTwoMethodOne -->
        <test-method status="PASS" signature="mavenTwoMethodTwo()[pri:0, instance:SeleniumMaven.MavenDemo.MavenReviewThree@548ad73b]" name="mavenTwoMethodTwo" duration-ms="0" started-at="2022-11-16T20:30:55Z" finished-at="2022-11-16T20:30:55Z">
          <reporter-output>
          </reporter-output>
        </test-method> <!-- mavenTwoMethodTwo -->
      </class> <!-- SeleniumMaven.MavenDemo.MavenReviewThree -->
    </test> <!-- Maven -->
  </suite> <!-- Maven Class -->
</testng-results>
