<?xml version="1.0" encoding="UTF-8"?>
<testsuite xmlns:xsi="http://www.w3.org/2001/XMLSchema-instance" xsi:noNamespaceSchemaLocation="https://maven.apache.org/surefire/maven-surefire-plugin/xsd/surefire-test-report-3.0.xsd" version="3.0" name="SeleniumMaven.MavenDemo.MavenReview" time="0.406" tests="1" errors="0" skipped="0" failures="0">
  <properties>
[...]
</properties>
  <testcase name="mavenMethodTwo" classname="SeleniumMaven.MavenDemo.MavenReview" time="0.008">
    <system-out><![CDATA[Printing mavenMethodTwo 
]]></system-out>
  </testcase>
</testsuite>