<?xml version="1.0" encoding="UTF-8"?>
<!-- Generated by org.testng.reporters.JUnitXMLReporter -->
<testsuite hostname="WINDOWS-N0Q5TOC" ignored="0" name="Maven" tests="6" failures="0" timestamp="17 Nov 2022 01:30:55 GMT" time="0.032" errors="0">
  <testcase name="mavenThreeMethodOne" time="0.007" classname="SeleniumMaven.MavenDemo.MavenReviewTwo"/>
  <testcase name="mavenThreeMethodTwo" time="0.0" classname="SeleniumMaven.MavenDemo.MavenReviewTwo"/>
  <testcase name="mavenTwoMethodOne" time="0.0" classname="SeleniumMaven.MavenDemo.MavenReviewThree"/>
  <testcase name="mavenTwoMethodTwo" time="0.0" classname="SeleniumMaven.MavenDemo.MavenReviewThree"/>
  <testcase name="mavenFourMethodOne" time="0.0" classname="SeleniumMaven.MavenDemo.MavenReviewFour"/>
  <testcase name="mavenFourMethodTwo" time="0.0" classname="SeleniumMaven.MavenDemo.MavenReviewFour"/>
</testsuite> <!-- Maven -->
