<?xml version="1.0" encoding="UTF-8"?>
<!-- Generated by org.testng.reporters.JUnitXMLReporter -->
<testsuite hostname="WINDOWS-N0Q5TOC" ignored="1" name="Surefire test" tests="1" failures="0" timestamp="17 Nov 2022 01:18:48 GMT" time="0.055" errors="0">
  <testcase name="mavenMethodTwo" time="0.041" classname="SeleniumMaven.MavenDemo.MavenReview"/>
  <testcase name="mavenMethodOne" time="0.0" classname="SeleniumMaven.MavenDemo.MavenReview">
    <ignored/>
  </testcase> <!-- mavenMethodOne -->
</testsuite> <!-- Surefire test -->
